2
 
S 0 _ -> S _ > 0 >
S 1 _ -> S _ > 1 >
S a _ -> S a ^ _ <
S a 0 -> conjuncture0 a ^ _ <
S a 1 -> conjuncture1 a ^ _ <
S o _ -> S o ^ _ <
S o 0 -> disjunctions0 o ^ _ <
S o 1 -> disjunctions1 o ^ _ <
S _ _ -> S _ ^ _ <
S _ 1 -> AC 1 ^ _ ^
S _ 0 -> AC 0 ^ _ ^
 
conjuncture0 a 0 -> S _ > 0 >
conjuncture0 a 1 -> S _ > 0 >
 
conjuncture1 a 0 -> S _ > 0 >
conjuncture1 a 1 -> S _ > 1 >
 
disjunctions0 o 0 -> S _ > 0 >
disjunctions0 o 1 -> S _ > 1 >
 
disjunctions1 o 0 -> S _ > 1 >
disjunctions1 o 1 -> S _ > 1 > 
